<?xml version="1.0" encoding="UTF-8"?>
<!-- Generated by org.testng.reporters.JUnitReportReporter -->
<testsuite hostname="RamLaptop" failures="0" tests="2" name="TestCases.NavigateHome" time="12.323" errors="0" timestamp="2020-11-05T18:21:38 IST" skipped="0">
  <testcase classname="TestCases.NavigateHome" name="navigateHome" time="8.093"/>
  <system-out/>
  <testcase classname="TestCases.NavigateHome" name="navigateHome" time="4.230"/>
  <system-out/>
</testsuite> <!-- TestCases.NavigateHome -->
