<?xml version="1.0" encoding="UTF-8"?>
<!-- Generated by org.testng.reporters.JUnitReportReporter -->
<testsuite hostname="RamLaptop" failures="0" tests="1" name="TestCases.Register" time="10.420" errors="0" timestamp="2020-11-05T18:21:38 IST" skipped="0">
  <testcase classname="TestCases.Register" name="Register" time="10.420"/>
  <system-out/>
</testsuite> <!-- TestCases.Register -->
